
*** Running vivado
    with args -log base_axil_gestures_motor_0_0.vds -m64 -product Vivado -mode batch -messageDb vivado.pb -notrace -source base_axil_gestures_motor_0_0.tcl



****** Vivado v2020.1 (64-bit)
  **** SW Build 2902540 on Wed May 27 19:54:49 MDT 2020
  **** IP Build 2902112 on Wed May 27 22:43:36 MDT 2020
    ** Copyright 1986-2020 Xilinx, Inc. All Rights Reserved.

source base_axil_gestures_motor_0_0.tcl -notrace
INFO: [IP_Flow 19-234] Refreshing IP repositories
INFO: [IP_Flow 19-1700] Loaded user IP repository 'c:/Users/osher/Vivado_Projects/Base_Overlay/PYNQ-image_v2.6.2/PYNQ-image_v2.6.2/boards/ip'.
INFO: [IP_Flow 19-1700] Loaded user IP repository 'c:/Users/osher/Vivado_Projects/AXIL_GESTURES_MOTOR_IP'.
INFO: [IP_Flow 19-1700] Loaded user IP repository 'c:/Users/osher/Vivado_Projects/AXI4_RGB2GRAY_IP'.
INFO: [IP_Flow 19-2313] Loaded Vivado IP repository 'C:/Xilinx/Vivado/2020.1/data/ip'.
WARNING: [IP_Flow 19-4995] The host OS only allows 260 characters in a normal path. The IP cache path is more than 80 characters. If you experience issues with IP caching, please consider changing the IP cache to a location with a shorter path. Alternately consider using the OS subst command to map part of the path to a drive letter. 
Current IP cache path is c:/Users/osher/Vivado_Projects/AXIL_GESTURES_MOTOR_BD/AXIL_GESTURES_MOTOR_BD.cache/ip 
Command: synth_design -top base_axil_gestures_motor_0_0 -part xc7z020clg400-1 -mode out_of_context
Starting synth_design
Attempting to get a license for feature 'Synthesis' and/or device 'xc7z020'
INFO: [Common 17-349] Got license for feature 'Synthesis' and/or device 'xc7z020'
INFO: [Device 21-403] Loading part xc7z020clg400-1
INFO: [Synth 8-7079] Multithreading enabled for synth_design using a maximum of 2 processes.
INFO: [Synth 8-7078] Launching helper process for spawning children vivado processes
INFO: [Synth 8-7075] Helper process launched with PID 11452
---------------------------------------------------------------------------------
Starting RTL Elaboration : Time (s): cpu = 00:00:06 ; elapsed = 00:00:08 . Memory (MB): peak = 1032.719 ; gain = 0.000
---------------------------------------------------------------------------------
INFO: [Synth 8-638] synthesizing module 'base_axil_gestures_motor_0_0' [c:/Users/osher/Vivado_Projects/AXIL_GESTURES_MOTOR_BD/AXIL_GESTURES_MOTOR_BD.srcs/sources_1/bd/base/ip/base_axil_gestures_motor_0_0/synth/base_axil_gestures_motor_0_0.vhd:81]
INFO: [Synth 8-3491] module 'axil_gestures_motor' declared at 'c:/Users/osher/Vivado_Projects/AXIL_GESTURES_MOTOR_BD/AXIL_GESTURES_MOTOR_BD.srcs/sources_1/bd/base/ipshared/c64a/axil_gestures_motor.vhd:5' bound to instance 'U0' of component 'axil_gestures_motor' [c:/Users/osher/Vivado_Projects/AXIL_GESTURES_MOTOR_BD/AXIL_GESTURES_MOTOR_BD.srcs/sources_1/bd/base/ip/base_axil_gestures_motor_0_0/synth/base_axil_gestures_motor_0_0.vhd:142]
INFO: [Synth 8-638] synthesizing module 'axil_gestures_motor' [c:/Users/osher/Vivado_Projects/AXIL_GESTURES_MOTOR_BD/AXIL_GESTURES_MOTOR_BD.srcs/sources_1/bd/base/ipshared/c64a/axil_gestures_motor.vhd:34]
INFO: [Synth 8-256] done synthesizing module 'axil_gestures_motor' (1#1) [c:/Users/osher/Vivado_Projects/AXIL_GESTURES_MOTOR_BD/AXIL_GESTURES_MOTOR_BD.srcs/sources_1/bd/base/ipshared/c64a/axil_gestures_motor.vhd:34]
INFO: [Synth 8-256] done synthesizing module 'base_axil_gestures_motor_0_0' (2#1) [c:/Users/osher/Vivado_Projects/AXIL_GESTURES_MOTOR_BD/AXIL_GESTURES_MOTOR_BD.srcs/sources_1/bd/base/ip/base_axil_gestures_motor_0_0/synth/base_axil_gestures_motor_0_0.vhd:81]
---------------------------------------------------------------------------------
Finished RTL Elaboration : Time (s): cpu = 00:00:08 ; elapsed = 00:00:10 . Memory (MB): peak = 1083.664 ; gain = 50.945
---------------------------------------------------------------------------------
---------------------------------------------------------------------------------
Start Handling Custom Attributes
---------------------------------------------------------------------------------
---------------------------------------------------------------------------------
Finished Handling Custom Attributes : Time (s): cpu = 00:00:08 ; elapsed = 00:00:10 . Memory (MB): peak = 1083.664 ; gain = 50.945
---------------------------------------------------------------------------------
---------------------------------------------------------------------------------
Finished RTL Optimization Phase 1 : Time (s): cpu = 00:00:08 ; elapsed = 00:00:10 . Memory (MB): peak = 1083.664 ; gain = 50.945
---------------------------------------------------------------------------------
Netlist sorting complete. Time (s): cpu = 00:00:00 ; elapsed = 00:00:00.003 . Memory (MB): peak = 1083.664 ; gain = 0.000
INFO: [Project 1-570] Preparing netlist for logic optimization

Processing XDC Constraints
Initializing timing engine
Completed Processing XDC Constraints

Netlist sorting complete. Time (s): cpu = 00:00:00 ; elapsed = 00:00:00 . Memory (MB): peak = 1190.445 ; gain = 0.000
INFO: [Project 1-111] Unisim Transformation Summary:
No Unisim elements were transformed.

Constraint Validation Runtime : Time (s): cpu = 00:00:00 ; elapsed = 00:00:00.033 . Memory (MB): peak = 1190.469 ; gain = 0.023
---------------------------------------------------------------------------------
Finished Constraint Validation : Time (s): cpu = 00:00:16 ; elapsed = 00:00:19 . Memory (MB): peak = 1190.469 ; gain = 157.750
---------------------------------------------------------------------------------
---------------------------------------------------------------------------------
Start Loading Part and Timing Information
---------------------------------------------------------------------------------
Loading part: xc7z020clg400-1
---------------------------------------------------------------------------------
Finished Loading Part and Timing Information : Time (s): cpu = 00:00:16 ; elapsed = 00:00:19 . Memory (MB): peak = 1190.469 ; gain = 157.750
---------------------------------------------------------------------------------
---------------------------------------------------------------------------------
Start Applying 'set_property' XDC Constraints
---------------------------------------------------------------------------------
---------------------------------------------------------------------------------
Finished applying 'set_property' XDC Constraints : Time (s): cpu = 00:00:16 ; elapsed = 00:00:19 . Memory (MB): peak = 1190.469 ; gain = 157.750
---------------------------------------------------------------------------------
---------------------------------------------------------------------------------
Finished RTL Optimization Phase 2 : Time (s): cpu = 00:00:16 ; elapsed = 00:00:19 . Memory (MB): peak = 1190.469 ; gain = 157.750
---------------------------------------------------------------------------------
---------------------------------------------------------------------------------
Start RTL Component Statistics 
---------------------------------------------------------------------------------
Detailed RTL Component Info : 
+---Registers : 
	               32 Bit    Registers := 2     
	               12 Bit    Registers := 1     
	                2 Bit    Registers := 2     
	                1 Bit    Registers := 6     
+---Muxes : 
	   2 Input   12 Bit        Muxes := 1     
	   2 Input   10 Bit        Muxes := 1     
	   2 Input    1 Bit        Muxes := 4     
---------------------------------------------------------------------------------
Finished RTL Component Statistics 
---------------------------------------------------------------------------------
---------------------------------------------------------------------------------
Start Part Resource Summary
---------------------------------------------------------------------------------
Part Resources:
DSPs: 220 (col length:60)
BRAMs: 280 (col length: RAMB18 60 RAMB36 30)
---------------------------------------------------------------------------------
Finished Part Resource Summary
---------------------------------------------------------------------------------
---------------------------------------------------------------------------------
Start Cross Boundary and Area Optimization
---------------------------------------------------------------------------------
---------------------------------------------------------------------------------
Finished Cross Boundary and Area Optimization : Time (s): cpu = 00:00:18 ; elapsed = 00:00:21 . Memory (MB): peak = 1190.469 ; gain = 157.750
---------------------------------------------------------------------------------
---------------------------------------------------------------------------------
Start Applying XDC Timing Constraints
---------------------------------------------------------------------------------
---------------------------------------------------------------------------------
Finished Applying XDC Timing Constraints : Time (s): cpu = 00:00:31 ; elapsed = 00:00:35 . Memory (MB): peak = 1190.469 ; gain = 157.750
---------------------------------------------------------------------------------
---------------------------------------------------------------------------------
Start Timing Optimization
---------------------------------------------------------------------------------
---------------------------------------------------------------------------------
Finished Timing Optimization : Time (s): cpu = 00:00:31 ; elapsed = 00:00:35 . Memory (MB): peak = 1190.469 ; gain = 157.750
---------------------------------------------------------------------------------
---------------------------------------------------------------------------------
Start Technology Mapping
---------------------------------------------------------------------------------
---------------------------------------------------------------------------------
Finished Technology Mapping : Time (s): cpu = 00:00:31 ; elapsed = 00:00:35 . Memory (MB): peak = 1193.078 ; gain = 160.359
---------------------------------------------------------------------------------
---------------------------------------------------------------------------------
Start IO Insertion
---------------------------------------------------------------------------------
---------------------------------------------------------------------------------
Start Flattening Before IO Insertion
---------------------------------------------------------------------------------
---------------------------------------------------------------------------------
Finished Flattening Before IO Insertion
---------------------------------------------------------------------------------
---------------------------------------------------------------------------------
Start Final Netlist Cleanup
---------------------------------------------------------------------------------
---------------------------------------------------------------------------------
Finished Final Netlist Cleanup
---------------------------------------------------------------------------------
---------------------------------------------------------------------------------
Finished IO Insertion : Time (s): cpu = 00:00:36 ; elapsed = 00:00:39 . Memory (MB): peak = 1197.844 ; gain = 165.125
---------------------------------------------------------------------------------
---------------------------------------------------------------------------------
Start Renaming Generated Instances
---------------------------------------------------------------------------------
---------------------------------------------------------------------------------
Finished Renaming Generated Instances : Time (s): cpu = 00:00:36 ; elapsed = 00:00:39 . Memory (MB): peak = 1197.844 ; gain = 165.125
---------------------------------------------------------------------------------
---------------------------------------------------------------------------------
Start Rebuilding User Hierarchy
---------------------------------------------------------------------------------
---------------------------------------------------------------------------------
Finished Rebuilding User Hierarchy : Time (s): cpu = 00:00:36 ; elapsed = 00:00:39 . Memory (MB): peak = 1197.844 ; gain = 165.125
---------------------------------------------------------------------------------
---------------------------------------------------------------------------------
Start Renaming Generated Ports
---------------------------------------------------------------------------------
---------------------------------------------------------------------------------
Finished Renaming Generated Ports : Time (s): cpu = 00:00:36 ; elapsed = 00:00:39 . Memory (MB): peak = 1197.844 ; gain = 165.125
---------------------------------------------------------------------------------
---------------------------------------------------------------------------------
Start Handling Custom Attributes
---------------------------------------------------------------------------------
---------------------------------------------------------------------------------
Finished Handling Custom Attributes : Time (s): cpu = 00:00:36 ; elapsed = 00:00:39 . Memory (MB): peak = 1197.844 ; gain = 165.125
---------------------------------------------------------------------------------
---------------------------------------------------------------------------------
Start Renaming Generated Nets
---------------------------------------------------------------------------------
---------------------------------------------------------------------------------
Finished Renaming Generated Nets : Time (s): cpu = 00:00:36 ; elapsed = 00:00:39 . Memory (MB): peak = 1197.844 ; gain = 165.125
---------------------------------------------------------------------------------
---------------------------------------------------------------------------------
Start Writing Synthesis Report
---------------------------------------------------------------------------------

Report BlackBoxes: 
+-+--------------+----------+
| |BlackBox name |Instances |
+-+--------------+----------+
+-+--------------+----------+

Report Cell Usage: 
+------+-------+------+
|      |Cell   |Count |
+------+-------+------+
|1     |CARRY4 |     5|
|2     |LUT1   |     2|
|3     |LUT2   |     1|
|4     |LUT3   |    16|
|5     |LUT4   |     5|
|6     |LUT5   |     2|
|7     |FDRE   |    83|
|8     |FDSE   |     1|
+------+-------+------+
---------------------------------------------------------------------------------
Finished Writing Synthesis Report : Time (s): cpu = 00:00:36 ; elapsed = 00:00:39 . Memory (MB): peak = 1197.844 ; gain = 165.125
---------------------------------------------------------------------------------
Synthesis finished with 0 errors, 0 critical warnings and 0 warnings.
Synthesis Optimization Runtime : Time (s): cpu = 00:00:25 ; elapsed = 00:00:37 . Memory (MB): peak = 1197.844 ; gain = 58.320
Synthesis Optimization Complete : Time (s): cpu = 00:00:36 ; elapsed = 00:00:40 . Memory (MB): peak = 1197.844 ; gain = 165.125
INFO: [Project 1-571] Translating synthesized netlist
Netlist sorting complete. Time (s): cpu = 00:00:00 ; elapsed = 00:00:00.002 . Memory (MB): peak = 1210.934 ; gain = 0.000
INFO: [Netlist 29-17] Analyzing 5 Unisim elements for replacement
INFO: [Netlist 29-28] Unisim Transformation completed in 0 CPU seconds
INFO: [Project 1-570] Preparing netlist for logic optimization
INFO: [Opt 31-138] Pushed 0 inverter(s) to 0 load pin(s).
Netlist sorting complete. Time (s): cpu = 00:00:00 ; elapsed = 00:00:00 . Memory (MB): peak = 1216.000 ; gain = 0.000
INFO: [Project 1-111] Unisim Transformation Summary:
No Unisim elements were transformed.

INFO: [Common 17-83] Releasing license: Synthesis
24 Infos, 1 Warnings, 0 Critical Warnings and 0 Errors encountered.
synth_design completed successfully
synth_design: Time (s): cpu = 00:00:44 ; elapsed = 00:00:50 . Memory (MB): peak = 1216.000 ; gain = 183.281
INFO: [Common 17-1381] The checkpoint 'C:/Users/osher/Vivado_Projects/AXIL_GESTURES_MOTOR_BD/AXIL_GESTURES_MOTOR_BD.runs/base_axil_gestures_motor_0_0_synth_1/base_axil_gestures_motor_0_0.dcp' has been generated.
WARNING: [Common 17-576] 'use_project_ipc' is deprecated. This option is deprecated and no longer used.
INFO: [Coretcl 2-1648] Added synthesis output to IP cache for IP base_axil_gestures_motor_0_0, cache-ID = 633e1ecb2724ae1e
INFO: [Common 17-1381] The checkpoint 'C:/Users/osher/Vivado_Projects/AXIL_GESTURES_MOTOR_BD/AXIL_GESTURES_MOTOR_BD.runs/base_axil_gestures_motor_0_0_synth_1/base_axil_gestures_motor_0_0.dcp' has been generated.
INFO: [runtcl-4] Executing : report_utilization -file base_axil_gestures_motor_0_0_utilization_synth.rpt -pb base_axil_gestures_motor_0_0_utilization_synth.pb
INFO: [Common 17-206] Exiting Vivado at Wed Apr  2 13:50:45 2025...
