
*** Running vivado
    with args -log base_axis_rgb2gray_0_0.vds -m64 -product Vivado -mode batch -messageDb vivado.pb -notrace -source base_axis_rgb2gray_0_0.tcl



****** Vivado v2020.1 (64-bit)
  **** SW Build 2902540 on Wed May 27 19:54:49 MDT 2020
  **** IP Build 2902112 on Wed May 27 22:43:36 MDT 2020
    ** Copyright 1986-2020 Xilinx, Inc. All Rights Reserved.

source base_axis_rgb2gray_0_0.tcl -notrace
create_project: Time (s): cpu = 00:00:05 ; elapsed = 00:00:06 . Memory (MB): peak = 1037.051 ; gain = 0.000
INFO: [IP_Flow 19-234] Refreshing IP repositories
INFO: [IP_Flow 19-1700] Loaded user IP repository 'c:/Users/osher/Vivado_Projects/Base_Overlay/PYNQ-image_v2.6.2/PYNQ-image_v2.6.2/boards/ip'.
INFO: [IP_Flow 19-1700] Loaded user IP repository 'c:/Users/osher/Vivado_Projects/AXIL_GESTURES_MOTOR_IP'.
INFO: [IP_Flow 19-1700] Loaded user IP repository 'c:/Users/osher/Vivado_Projects/AXI4_RGB2GRAY_IP'.
INFO: [IP_Flow 19-2313] Loaded Vivado IP repository 'C:/Xilinx/Vivado/2020.1/data/ip'.
WARNING: [IP_Flow 19-4995] The host OS only allows 260 characters in a normal path. The IP cache path is more than 80 characters. If you experience issues with IP caching, please consider changing the IP cache to a location with a shorter path. Alternately consider using the OS subst command to map part of the path to a drive letter. 
Current IP cache path is c:/Users/osher/Vivado_Projects/AXIL_GESTURES_MOTOR_BD/AXIL_GESTURES_MOTOR_BD.cache/ip 
Command: synth_design -top base_axis_rgb2gray_0_0 -part xc7z020clg400-1 -mode out_of_context
Starting synth_design
Attempting to get a license for feature 'Synthesis' and/or device 'xc7z020'
INFO: [Common 17-349] Got license for feature 'Synthesis' and/or device 'xc7z020'
INFO: [Device 21-403] Loading part xc7z020clg400-1
INFO: [Synth 8-7079] Multithreading enabled for synth_design using a maximum of 2 processes.
INFO: [Synth 8-7078] Launching helper process for spawning children vivado processes
INFO: [Synth 8-7075] Helper process launched with PID 8376
---------------------------------------------------------------------------------
Starting RTL Elaboration : Time (s): cpu = 00:00:09 ; elapsed = 00:00:22 . Memory (MB): peak = 1037.051 ; gain = 0.000
---------------------------------------------------------------------------------
INFO: [Synth 8-638] synthesizing module 'base_axis_rgb2gray_0_0' [c:/Users/osher/Vivado_Projects/AXIL_GESTURES_MOTOR_BD/AXIL_GESTURES_MOTOR_BD.srcs/sources_1/bd/base/ip/base_axis_rgb2gray_0_0/synth/base_axis_rgb2gray_0_0.vhd:71]
	Parameter width bound to: 32 - type: integer 
INFO: [Synth 8-3491] module 'axis_rgb2gray' declared at 'c:/Users/osher/Vivado_Projects/AXIL_GESTURES_MOTOR_BD/AXIL_GESTURES_MOTOR_BD.srcs/sources_1/bd/base/ipshared/ebb3/axis_rgb2gray.vhd:7' bound to instance 'U0' of component 'axis_rgb2gray' [c:/Users/osher/Vivado_Projects/AXIL_GESTURES_MOTOR_BD/AXIL_GESTURES_MOTOR_BD.srcs/sources_1/bd/base/ip/base_axis_rgb2gray_0_0/synth/base_axis_rgb2gray_0_0.vhd:116]
INFO: [Synth 8-638] synthesizing module 'axis_rgb2gray' [c:/Users/osher/Vivado_Projects/AXIL_GESTURES_MOTOR_BD/AXIL_GESTURES_MOTOR_BD.srcs/sources_1/bd/base/ipshared/ebb3/axis_rgb2gray.vhd:21]
	Parameter width bound to: 32 - type: integer 
	Parameter width bound to: 32 - type: integer 
	Parameter depth bound to: 4098 - type: integer 
INFO: [Synth 8-3491] module 'fifo' declared at 'c:/Users/osher/Vivado_Projects/AXIL_GESTURES_MOTOR_BD/AXIL_GESTURES_MOTOR_BD.srcs/sources_1/bd/base/ipshared/ebb3/fifo.vhd:7' bound to instance 'FIFO_0' of component 'fifo' [c:/Users/osher/Vivado_Projects/AXIL_GESTURES_MOTOR_BD/AXIL_GESTURES_MOTOR_BD.srcs/sources_1/bd/base/ipshared/ebb3/axis_rgb2gray.vhd:51]
INFO: [Synth 8-638] synthesizing module 'fifo' [c:/Users/osher/Vivado_Projects/AXIL_GESTURES_MOTOR_BD/AXIL_GESTURES_MOTOR_BD.srcs/sources_1/bd/base/ipshared/ebb3/fifo.vhd:22]
	Parameter width bound to: 32 - type: integer 
	Parameter depth bound to: 4098 - type: integer 
INFO: [Synth 8-256] done synthesizing module 'fifo' (1#1) [c:/Users/osher/Vivado_Projects/AXIL_GESTURES_MOTOR_BD/AXIL_GESTURES_MOTOR_BD.srcs/sources_1/bd/base/ipshared/ebb3/fifo.vhd:22]
	Parameter width bound to: 32 - type: integer 
INFO: [Synth 8-3491] module 'rgb2gray' declared at 'c:/Users/osher/Vivado_Projects/AXIL_GESTURES_MOTOR_BD/AXIL_GESTURES_MOTOR_BD.srcs/sources_1/bd/base/ipshared/ebb3/rgb2gray.vhd:7' bound to instance 'RGB2GRAY_0' of component 'rgb2gray' [c:/Users/osher/Vivado_Projects/AXIL_GESTURES_MOTOR_BD/AXIL_GESTURES_MOTOR_BD.srcs/sources_1/bd/base/ipshared/ebb3/axis_rgb2gray.vhd:63]
INFO: [Synth 8-638] synthesizing module 'rgb2gray' [c:/Users/osher/Vivado_Projects/AXIL_GESTURES_MOTOR_BD/AXIL_GESTURES_MOTOR_BD.srcs/sources_1/bd/base/ipshared/ebb3/rgb2gray.vhd:16]
	Parameter width bound to: 32 - type: integer 
INFO: [Synth 8-256] done synthesizing module 'rgb2gray' (2#1) [c:/Users/osher/Vivado_Projects/AXIL_GESTURES_MOTOR_BD/AXIL_GESTURES_MOTOR_BD.srcs/sources_1/bd/base/ipshared/ebb3/rgb2gray.vhd:16]
INFO: [Synth 8-256] done synthesizing module 'axis_rgb2gray' (3#1) [c:/Users/osher/Vivado_Projects/AXIL_GESTURES_MOTOR_BD/AXIL_GESTURES_MOTOR_BD.srcs/sources_1/bd/base/ipshared/ebb3/axis_rgb2gray.vhd:21]
INFO: [Synth 8-256] done synthesizing module 'base_axis_rgb2gray_0_0' (4#1) [c:/Users/osher/Vivado_Projects/AXIL_GESTURES_MOTOR_BD/AXIL_GESTURES_MOTOR_BD.srcs/sources_1/bd/base/ip/base_axis_rgb2gray_0_0/synth/base_axis_rgb2gray_0_0.vhd:71]
---------------------------------------------------------------------------------
Finished RTL Elaboration : Time (s): cpu = 00:00:11 ; elapsed = 00:00:25 . Memory (MB): peak = 1084.555 ; gain = 47.504
---------------------------------------------------------------------------------
---------------------------------------------------------------------------------
Start Handling Custom Attributes
---------------------------------------------------------------------------------
---------------------------------------------------------------------------------
Finished Handling Custom Attributes : Time (s): cpu = 00:00:12 ; elapsed = 00:00:26 . Memory (MB): peak = 1085.332 ; gain = 48.281
---------------------------------------------------------------------------------
---------------------------------------------------------------------------------
Finished RTL Optimization Phase 1 : Time (s): cpu = 00:00:12 ; elapsed = 00:00:26 . Memory (MB): peak = 1085.332 ; gain = 48.281
---------------------------------------------------------------------------------
Netlist sorting complete. Time (s): cpu = 00:00:00 ; elapsed = 00:00:00.010 . Memory (MB): peak = 1085.332 ; gain = 0.000
INFO: [Project 1-570] Preparing netlist for logic optimization

Processing XDC Constraints
Initializing timing engine
Completed Processing XDC Constraints

Netlist sorting complete. Time (s): cpu = 00:00:00 ; elapsed = 00:00:00.001 . Memory (MB): peak = 1186.207 ; gain = 0.000
INFO: [Project 1-111] Unisim Transformation Summary:
No Unisim elements were transformed.

Constraint Validation Runtime : Time (s): cpu = 00:00:00 ; elapsed = 00:00:00.078 . Memory (MB): peak = 1186.207 ; gain = 0.000
---------------------------------------------------------------------------------
Finished Constraint Validation : Time (s): cpu = 00:00:22 ; elapsed = 00:00:38 . Memory (MB): peak = 1186.207 ; gain = 149.156
---------------------------------------------------------------------------------
---------------------------------------------------------------------------------
Start Loading Part and Timing Information
---------------------------------------------------------------------------------
Loading part: xc7z020clg400-1
---------------------------------------------------------------------------------
Finished Loading Part and Timing Information : Time (s): cpu = 00:00:22 ; elapsed = 00:00:38 . Memory (MB): peak = 1186.207 ; gain = 149.156
---------------------------------------------------------------------------------
---------------------------------------------------------------------------------
Start Applying 'set_property' XDC Constraints
---------------------------------------------------------------------------------
---------------------------------------------------------------------------------
Finished applying 'set_property' XDC Constraints : Time (s): cpu = 00:00:22 ; elapsed = 00:00:38 . Memory (MB): peak = 1186.207 ; gain = 149.156
---------------------------------------------------------------------------------
---------------------------------------------------------------------------------
Finished RTL Optimization Phase 2 : Time (s): cpu = 00:00:22 ; elapsed = 00:00:38 . Memory (MB): peak = 1186.207 ; gain = 149.156
---------------------------------------------------------------------------------
---------------------------------------------------------------------------------
Start RTL Component Statistics 
---------------------------------------------------------------------------------
Detailed RTL Component Info : 
+---Adders : 
	   2 Input   13 Bit       Adders := 2     
	   3 Input   13 Bit       Adders := 2     
+---Registers : 
	               32 Bit    Registers := 2     
	               13 Bit    Registers := 2     
	                8 Bit    Registers := 1     
	                1 Bit    Registers := 3     
+---RAMs : 
	             128K Bit	(4098 X 32 bit)          RAMs := 1     
	               4K Bit	(4098 X 1 bit)          RAMs := 1     
+---Muxes : 
	   3 Input   32 Bit        Muxes := 1     
	   2 Input   13 Bit        Muxes := 4     
---------------------------------------------------------------------------------
Finished RTL Component Statistics 
---------------------------------------------------------------------------------
---------------------------------------------------------------------------------
Start Part Resource Summary
---------------------------------------------------------------------------------
Part Resources:
DSPs: 220 (col length:60)
BRAMs: 280 (col length: RAMB18 60 RAMB36 30)
---------------------------------------------------------------------------------
Finished Part Resource Summary
---------------------------------------------------------------------------------
---------------------------------------------------------------------------------
Start Cross Boundary and Area Optimization
---------------------------------------------------------------------------------
---------------------------------------------------------------------------------
Finished Cross Boundary and Area Optimization : Time (s): cpu = 00:00:25 ; elapsed = 00:00:41 . Memory (MB): peak = 1186.207 ; gain = 149.156
---------------------------------------------------------------------------------
---------------------------------------------------------------------------------
Start ROM, RAM, DSP and Shift Register Reporting
---------------------------------------------------------------------------------

Block RAM: Preliminary Mapping	Report (see note below)
+-----------------------+---------------------+------------------------+---+---+------------------------+---+---+------------------+--------+--------+
|Module Name            | RTL Object          | PORT A (Depth x Width) | W | R | PORT B (Depth x Width) | W | R | Ports driving FF | RAMB18 | RAMB36 | 
+-----------------------+---------------------+------------------------+---+---+------------------------+---+---+------------------+--------+--------+
|base_axis_rgb2gray_0_0 | U0/FIFO_0/tlast_reg | 4 K x 1(READ_FIRST)    | W |   | 4 K x 1(WRITE_FIRST)   |   | R | Port A and B     | 1      | 0      | 
|base_axis_rgb2gray_0_0 | U0/FIFO_0/ram_reg   | 4 K x 24(READ_FIRST)   | W |   | 4 K x 24(WRITE_FIRST)  |   | R | Port A and B     | 0      | 6      | 
+-----------------------+---------------------+------------------------+---+---+------------------------+---+---+------------------+--------+--------+

Note: The table above is a preliminary report that shows the Block RAMs at the current stage of the synthesis flow. Some Block RAMs may be reimplemented as non Block RAM primitives later in the synthesis flow. Multiple instantiated Block RAMs are reported only once. 
---------------------------------------------------------------------------------
Finished ROM, RAM, DSP and Shift Register Reporting
---------------------------------------------------------------------------------
---------------------------------------------------------------------------------
Start Applying XDC Timing Constraints
---------------------------------------------------------------------------------
---------------------------------------------------------------------------------
Finished Applying XDC Timing Constraints : Time (s): cpu = 00:00:39 ; elapsed = 00:00:56 . Memory (MB): peak = 1186.207 ; gain = 149.156
---------------------------------------------------------------------------------
---------------------------------------------------------------------------------
Start Timing Optimization
---------------------------------------------------------------------------------
---------------------------------------------------------------------------------
Finished Timing Optimization : Time (s): cpu = 00:00:39 ; elapsed = 00:00:56 . Memory (MB): peak = 1186.207 ; gain = 149.156
---------------------------------------------------------------------------------
---------------------------------------------------------------------------------
Start ROM, RAM, DSP and Shift Register Reporting
---------------------------------------------------------------------------------

Block RAM: Final Mapping	Report
+-----------------------+---------------------+------------------------+---+---+------------------------+---+---+------------------+--------+--------+
|Module Name            | RTL Object          | PORT A (Depth x Width) | W | R | PORT B (Depth x Width) | W | R | Ports driving FF | RAMB18 | RAMB36 | 
+-----------------------+---------------------+------------------------+---+---+------------------------+---+---+------------------+--------+--------+
|base_axis_rgb2gray_0_0 | U0/FIFO_0/tlast_reg | 4 K x 1(READ_FIRST)    | W |   | 4 K x 1(WRITE_FIRST)   |   | R | Port A and B     | 1      | 0      | 
|base_axis_rgb2gray_0_0 | U0/FIFO_0/ram_reg   | 4 K x 24(READ_FIRST)   | W |   | 4 K x 24(WRITE_FIRST)  |   | R | Port A and B     | 0      | 6      | 
+-----------------------+---------------------+------------------------+---+---+------------------------+---+---+------------------+--------+--------+

---------------------------------------------------------------------------------
Finished ROM, RAM, DSP and Shift Register Reporting
---------------------------------------------------------------------------------
---------------------------------------------------------------------------------
Start Technology Mapping
---------------------------------------------------------------------------------
INFO: [Synth 8-7052] The timing for the instance U0/FIFO_0/tlast_reg (implemented as a Block RAM) might be sub-optimal as no optional output register could be merged into the ram block. Providing additional output register may help in improving timing.
INFO: [Synth 8-7052] The timing for the instance U0/FIFO_0/ram_reg_0 (implemented as a Block RAM) might be sub-optimal as no optional output register could be merged into the ram block. Providing additional output register may help in improving timing.
INFO: [Synth 8-7052] The timing for the instance U0/FIFO_0/ram_reg_1 (implemented as a Block RAM) might be sub-optimal as no optional output register could be merged into the ram block. Providing additional output register may help in improving timing.
INFO: [Synth 8-7052] The timing for the instance U0/FIFO_0/ram_reg_2 (implemented as a Block RAM) might be sub-optimal as no optional output register could be merged into the ram block. Providing additional output register may help in improving timing.
INFO: [Synth 8-7052] The timing for the instance U0/FIFO_0/ram_reg_3 (implemented as a Block RAM) might be sub-optimal as no optional output register could be merged into the ram block. Providing additional output register may help in improving timing.
INFO: [Synth 8-7052] The timing for the instance U0/FIFO_0/ram_reg_4 (implemented as a Block RAM) might be sub-optimal as no optional output register could be merged into the ram block. Providing additional output register may help in improving timing.
INFO: [Synth 8-7052] The timing for the instance U0/FIFO_0/ram_reg_5 (implemented as a Block RAM) might be sub-optimal as no optional output register could be merged into the ram block. Providing additional output register may help in improving timing.
---------------------------------------------------------------------------------
Finished Technology Mapping : Time (s): cpu = 00:00:39 ; elapsed = 00:00:56 . Memory (MB): peak = 1200.582 ; gain = 163.531
---------------------------------------------------------------------------------
---------------------------------------------------------------------------------
Start IO Insertion
---------------------------------------------------------------------------------
---------------------------------------------------------------------------------
Start Flattening Before IO Insertion
---------------------------------------------------------------------------------
---------------------------------------------------------------------------------
Finished Flattening Before IO Insertion
---------------------------------------------------------------------------------
---------------------------------------------------------------------------------
Start Final Netlist Cleanup
---------------------------------------------------------------------------------
---------------------------------------------------------------------------------
Finished Final Netlist Cleanup
---------------------------------------------------------------------------------
---------------------------------------------------------------------------------
Finished IO Insertion : Time (s): cpu = 00:00:46 ; elapsed = 00:01:04 . Memory (MB): peak = 1205.422 ; gain = 168.371
---------------------------------------------------------------------------------
---------------------------------------------------------------------------------
Start Renaming Generated Instances
---------------------------------------------------------------------------------
---------------------------------------------------------------------------------
Finished Renaming Generated Instances : Time (s): cpu = 00:00:46 ; elapsed = 00:01:04 . Memory (MB): peak = 1205.422 ; gain = 168.371
---------------------------------------------------------------------------------
---------------------------------------------------------------------------------
Start Rebuilding User Hierarchy
---------------------------------------------------------------------------------
---------------------------------------------------------------------------------
Finished Rebuilding User Hierarchy : Time (s): cpu = 00:00:46 ; elapsed = 00:01:04 . Memory (MB): peak = 1205.422 ; gain = 168.371
---------------------------------------------------------------------------------
---------------------------------------------------------------------------------
Start Renaming Generated Ports
---------------------------------------------------------------------------------
---------------------------------------------------------------------------------
Finished Renaming Generated Ports : Time (s): cpu = 00:00:46 ; elapsed = 00:01:04 . Memory (MB): peak = 1205.422 ; gain = 168.371
---------------------------------------------------------------------------------
---------------------------------------------------------------------------------
Start Handling Custom Attributes
---------------------------------------------------------------------------------
---------------------------------------------------------------------------------
Finished Handling Custom Attributes : Time (s): cpu = 00:00:46 ; elapsed = 00:01:04 . Memory (MB): peak = 1205.434 ; gain = 168.383
---------------------------------------------------------------------------------
---------------------------------------------------------------------------------
Start Renaming Generated Nets
---------------------------------------------------------------------------------
---------------------------------------------------------------------------------
Finished Renaming Generated Nets : Time (s): cpu = 00:00:46 ; elapsed = 00:01:04 . Memory (MB): peak = 1205.434 ; gain = 168.383
---------------------------------------------------------------------------------
---------------------------------------------------------------------------------
Start Writing Synthesis Report
---------------------------------------------------------------------------------

Report BlackBoxes: 
+-+--------------+----------+
| |BlackBox name |Instances |
+-+--------------+----------+
+-+--------------+----------+

Report Cell Usage: 
+------+---------+------+
|      |Cell     |Count |
+------+---------+------+
|1     |CARRY4   |    47|
|2     |LUT1     |    12|
|3     |LUT2     |   115|
|4     |LUT3     |    28|
|5     |LUT4     |    55|
|6     |LUT5     |    18|
|7     |LUT6     |    35|
|8     |RAMB18E1 |     1|
|9     |RAMB36E1 |     6|
|10    |FDRE     |    57|
+------+---------+------+
---------------------------------------------------------------------------------
Finished Writing Synthesis Report : Time (s): cpu = 00:00:46 ; elapsed = 00:01:04 . Memory (MB): peak = 1205.434 ; gain = 168.383
---------------------------------------------------------------------------------
Synthesis finished with 0 errors, 0 critical warnings and 0 warnings.
Synthesis Optimization Runtime : Time (s): cpu = 00:00:33 ; elapsed = 00:01:00 . Memory (MB): peak = 1205.434 ; gain = 67.508
Synthesis Optimization Complete : Time (s): cpu = 00:00:47 ; elapsed = 00:01:04 . Memory (MB): peak = 1205.434 ; gain = 168.383
INFO: [Project 1-571] Translating synthesized netlist
Netlist sorting complete. Time (s): cpu = 00:00:00 ; elapsed = 00:00:00.012 . Memory (MB): peak = 1217.469 ; gain = 0.000
INFO: [Netlist 29-17] Analyzing 54 Unisim elements for replacement
INFO: [Netlist 29-28] Unisim Transformation completed in 0 CPU seconds
INFO: [Project 1-570] Preparing netlist for logic optimization
INFO: [Opt 31-138] Pushed 0 inverter(s) to 0 load pin(s).
Netlist sorting complete. Time (s): cpu = 00:00:00 ; elapsed = 00:00:00 . Memory (MB): peak = 1218.500 ; gain = 0.000
INFO: [Project 1-111] Unisim Transformation Summary:
No Unisim elements were transformed.

INFO: [Common 17-83] Releasing license: Synthesis
37 Infos, 1 Warnings, 0 Critical Warnings and 0 Errors encountered.
synth_design completed successfully
synth_design: Time (s): cpu = 00:00:58 ; elapsed = 00:01:27 . Memory (MB): peak = 1218.500 ; gain = 181.449
INFO: [Common 17-1381] The checkpoint 'C:/Users/osher/Vivado_Projects/AXIL_GESTURES_MOTOR_BD/AXIL_GESTURES_MOTOR_BD.runs/base_axis_rgb2gray_0_0_synth_1/base_axis_rgb2gray_0_0.dcp' has been generated.
WARNING: [Common 17-576] 'use_project_ipc' is deprecated. This option is deprecated and no longer used.
INFO: [Coretcl 2-1648] Added synthesis output to IP cache for IP base_axis_rgb2gray_0_0, cache-ID = 4b5fe4904cfaf75d
INFO: [Coretcl 2-1174] Renamed 3 cell refs.
INFO: [Common 17-1381] The checkpoint 'C:/Users/osher/Vivado_Projects/AXIL_GESTURES_MOTOR_BD/AXIL_GESTURES_MOTOR_BD.runs/base_axis_rgb2gray_0_0_synth_1/base_axis_rgb2gray_0_0.dcp' has been generated.
INFO: [runtcl-4] Executing : report_utilization -file base_axis_rgb2gray_0_0_utilization_synth.rpt -pb base_axis_rgb2gray_0_0_utilization_synth.pb
INFO: [Common 17-206] Exiting Vivado at Wed Apr  2 13:33:28 2025...
